<?xml version="1.0" encoding="UTF-8"?>
<testng-results ignored="0" total="1" passed="1" failed="0" skipped="0">
  <reporter-output>
  </reporter-output>
  <suite started-at="2021-02-23T21:50:40 IST" name="KAPLAN TESTS" finished-at="2021-02-23T21:51:02 IST" duration-ms="22246">
    <groups>
    </groups>
    <test started-at="2021-02-23T21:50:40 IST" name="TEST RUN" finished-at="2021-02-23T21:51:02 IST" duration-ms="22246">
      <class name="kaplan_tests.ListDemoTest">
        <test-method is-config="true" signature="setUp(java.lang.String)[pri:0, instance:kaplan_tests.ListDemoTest@3b07a0d6]" started-at="2021-02-23T21:50:40 IST" name="setUp" finished-at="2021-02-23T21:50:48 IST" duration-ms="8177" status="PASS">
          <params>
            <param index="0">
              <value>
                <![CDATA[ANDROID]]>
              </value>
            </param>
          </params>
          <reporter-output>
          </reporter-output>
        </test-method> <!-- setUp -->
        <test-method signature="LIST_DEMO_TEST()[pri:0, instance:kaplan_tests.ListDemoTest@3b07a0d6]" started-at="2021-02-23T21:50:48 IST" name="LIST_DEMO_TEST" finished-at="2021-02-23T21:51:02 IST" duration-ms="13774" status="PASS">
          <reporter-output>
          </reporter-output>
        </test-method> <!-- LIST_DEMO_TEST -->
        <test-method is-config="true" signature="tearDown()[pri:0, instance:kaplan_tests.ListDemoTest@3b07a0d6]" started-at="2021-02-23T21:51:02 IST" name="tearDown" finished-at="2021-02-23T21:51:02 IST" duration-ms="266" status="PASS">
          <reporter-output>
          </reporter-output>
        </test-method> <!-- tearDown -->
      </class> <!-- kaplan_tests.ListDemoTest -->
    </test> <!-- TEST RUN -->
  </suite> <!-- KAPLAN TESTS -->
</testng-results>
